<?xml version="1.0" encoding="UTF-8"?>
<!-- Generated by org.testng.reporters.JUnitXMLReporter -->
<testsuite ignored="0" hostname="LPCL-PG0340BY" failures="1" tests="1" name="Test" time="0.041" errors="0" timestamp="2023-02-01T17:45:55 IST">
  <testcase classname="test_Classes.CheckoutTest" name="validatingCheckoutPage" time="0.009">
    <failure type="java.lang.NullPointerException" message="Cannot invoke &amp;quot;page_Classes.CheckoutPage.verfiyAmazonFunctionality()&amp;quot; because &amp;quot;test_Classes.CheckoutTest.cop&amp;quot; is null">
      <![CDATA[java.lang.NullPointerException: Cannot invoke "page_Classes.CheckoutPage.verfiyAmazonFunctionality()" because "test_Classes.CheckoutTest.cop" is null
at test_Classes.CheckoutTest.validatingCheckoutPage(CheckoutTest.java:10)
at java.base/java.util.ArrayList.forEach(ArrayList.java:1511)
... Removed 27 stack frames]]>
    </failure>
  </testcase> <!-- validatingCheckoutPage -->
</testsuite> <!-- Test -->
